<?xml version="1.0" encoding="UTF-8"?>
<testng-results ignored="10" total="17" passed="5" failed="1" skipped="1">
  <reporter-output>
  </reporter-output>
  <suite started-at="2024-06-10T17:14:33 IST" name="Suite" finished-at="2024-06-10T17:25:30 IST" duration-ms="657001">
    <groups>
    </groups>
    <test started-at="2024-06-10T17:14:33 IST" name="Test" finished-at="2024-06-10T17:25:30 IST" duration-ms="657001">
      <class name="Sprint_6_Negative.d_NotificationAllActions">
        <test-method is-config="true" signature="bcConfig()[pri:0, instance:Sprint_6_Negative.d_NotificationAllActions@815b41f]" started-at="2024-06-10T17:16:37 IST" name="bcConfig" finished-at="2024-06-10T17:16:40 IST" duration-ms="3579" status="PASS">
          <reporter-output>
          </reporter-output>
        </test-method> <!-- bcConfig -->
        <test-method is-config="true" signature="bmConfig()[pri:0, instance:Sprint_6_Negative.d_NotificationAllActions@815b41f]" started-at="2024-06-10T17:16:40 IST" name="bmConfig" finished-at="2024-06-10T17:16:58 IST" duration-ms="17342" status="PASS">
          <reporter-output>
          </reporter-output>
        </test-method> <!-- bmConfig -->
        <test-method signature="notificationsAllActionsTest()[pri:0, instance:Sprint_6_Negative.d_NotificationAllActions@815b41f]" started-at="2024-06-10T17:16:58 IST" name="notificationsAllActionsTest" finished-at="2024-06-10T17:18:12 IST" duration-ms="74878" status="PASS">
          <reporter-output>
          </reporter-output>
        </test-method> <!-- notificationsAllActionsTest -->
        <test-method is-config="true" signature="amConfig()[pri:0, instance:Sprint_6_Negative.d_NotificationAllActions@815b41f]" started-at="2024-06-10T17:18:12 IST" name="amConfig" finished-at="2024-06-10T17:18:25 IST" duration-ms="12861" status="PASS">
          <reporter-output>
          </reporter-output>
        </test-method> <!-- amConfig -->
        <test-method is-config="true" signature="acConfig()[pri:0, instance:Sprint_6_Negative.d_NotificationAllActions@815b41f]" started-at="2024-06-10T17:18:25 IST" name="acConfig" finished-at="2024-06-10T17:18:27 IST" duration-ms="1266" status="PASS">
          <reporter-output>
          </reporter-output>
        </test-method> <!-- acConfig -->
      </class> <!-- Sprint_6_Negative.d_NotificationAllActions -->
      <class name="Sprint_6_Negative.f_TradingAllActions">
        <test-method is-config="true" signature="bcConfig()[pri:0, instance:Sprint_6_Negative.f_TradingAllActions@3b69e7d1]" started-at="2024-06-10T17:15:33 IST" name="bcConfig" finished-at="2024-06-10T17:15:36 IST" duration-ms="3582" status="PASS">
          <reporter-output>
          </reporter-output>
        </test-method> <!-- bcConfig -->
        <test-method is-config="true" signature="bmConfig()[pri:0, instance:Sprint_6_Negative.f_TradingAllActions@3b69e7d1]" started-at="2024-06-10T17:15:36 IST" name="bmConfig" finished-at="2024-06-10T17:15:54 IST" duration-ms="17330" status="PASS">
          <reporter-output>
          </reporter-output>
        </test-method> <!-- bmConfig -->
        <test-method signature="TradingAllActionsTest()[pri:0, instance:Sprint_6_Negative.f_TradingAllActions@3b69e7d1]" started-at="2024-06-10T17:15:54 IST" name="TradingAllActionsTest" finished-at="2024-06-10T17:16:24 IST" duration-ms="30144" status="PASS">
          <reporter-output>
          </reporter-output>
        </test-method> <!-- TradingAllActionsTest -->
        <test-method is-config="true" signature="amConfig()[pri:0, instance:Sprint_6_Negative.f_TradingAllActions@3b69e7d1]" started-at="2024-06-10T17:16:24 IST" name="amConfig" finished-at="2024-06-10T17:16:35 IST" duration-ms="11624" status="PASS">
          <reporter-output>
          </reporter-output>
        </test-method> <!-- amConfig -->
        <test-method is-config="true" signature="acConfig()[pri:0, instance:Sprint_6_Negative.f_TradingAllActions@3b69e7d1]" started-at="2024-06-10T17:16:35 IST" name="acConfig" finished-at="2024-06-10T17:16:37 IST" duration-ms="1245" status="PASS">
          <reporter-output>
          </reporter-output>
        </test-method> <!-- acConfig -->
      </class> <!-- Sprint_6_Negative.f_TradingAllActions -->
      <class name="Sprint_6_Negative.g_EventsAllActions">
        <test-method is-config="true" signature="bcConfig()[pri:0, instance:Sprint_6_Negative.g_EventsAllActions@5542c4ed]" started-at="2024-06-10T17:18:27 IST" name="bcConfig" finished-at="2024-06-10T17:18:30 IST" duration-ms="3308" status="PASS">
          <reporter-output>
          </reporter-output>
        </test-method> <!-- bcConfig -->
        <test-method is-config="true" signature="bmConfig()[pri:0, instance:Sprint_6_Negative.g_EventsAllActions@5542c4ed]" started-at="2024-06-10T17:18:30 IST" name="bmConfig" finished-at="2024-06-10T17:18:47 IST" duration-ms="17300" status="PASS">
          <reporter-output>
          </reporter-output>
        </test-method> <!-- bmConfig -->
        <test-method signature="eventsAllActionsTest()[pri:0, instance:Sprint_6_Negative.g_EventsAllActions@5542c4ed]" started-at="2024-06-10T17:18:47 IST" name="eventsAllActionsTest" finished-at="2024-06-10T17:19:33 IST" duration-ms="45631" status="PASS">
          <reporter-output>
          </reporter-output>
        </test-method> <!-- eventsAllActionsTest -->
        <test-method is-config="true" signature="amConfig()[pri:0, instance:Sprint_6_Negative.g_EventsAllActions@5542c4ed]" started-at="2024-06-10T17:19:33 IST" name="amConfig" finished-at="2024-06-10T17:19:44 IST" duration-ms="11478" status="PASS">
          <reporter-output>
          </reporter-output>
        </test-method> <!-- amConfig -->
        <test-method is-config="true" signature="acConfig()[pri:0, instance:Sprint_6_Negative.g_EventsAllActions@5542c4ed]" started-at="2024-06-10T17:19:44 IST" name="acConfig" finished-at="2024-06-10T17:19:46 IST" duration-ms="1268" status="PASS">
          <reporter-output>
          </reporter-output>
        </test-method> <!-- acConfig -->
      </class> <!-- Sprint_6_Negative.g_EventsAllActions -->
      <class name="Sprint_6_Negative.e_TransactionsAllActions">
        <test-method is-config="true" signature="bcConfig()[pri:0, instance:Sprint_6_Negative.e_TransactionsAllActions@1573f9fc]" started-at="2024-06-10T17:19:46 IST" name="bcConfig" finished-at="2024-06-10T17:19:49 IST" duration-ms="3185" status="PASS">
          <reporter-output>
          </reporter-output>
        </test-method> <!-- bcConfig -->
        <test-method is-config="true" signature="bmConfig()[pri:0, instance:Sprint_6_Negative.e_TransactionsAllActions@1573f9fc]" started-at="2024-06-10T17:19:49 IST" name="bmConfig" finished-at="2024-06-10T17:20:06 IST" duration-ms="17308" status="PASS">
          <reporter-output>
          </reporter-output>
        </test-method> <!-- bmConfig -->
        <test-method signature="TransactionsAllActionsTest()[pri:0, instance:Sprint_6_Negative.e_TransactionsAllActions@1573f9fc]" started-at="2024-06-10T17:20:06 IST" name="TransactionsAllActionsTest" finished-at="2024-06-10T17:23:24 IST" duration-ms="198256" status="PASS">
          <reporter-output>
          </reporter-output>
        </test-method> <!-- TransactionsAllActionsTest -->
        <test-method is-config="true" signature="amConfig()[pri:0, instance:Sprint_6_Negative.e_TransactionsAllActions@1573f9fc]" started-at="2024-06-10T17:23:24 IST" name="amConfig" finished-at="2024-06-10T17:23:37 IST" duration-ms="12363" status="PASS">
          <reporter-output>
          </reporter-output>
        </test-method> <!-- amConfig -->
        <test-method is-config="true" signature="acConfig()[pri:0, instance:Sprint_6_Negative.e_TransactionsAllActions@1573f9fc]" started-at="2024-06-10T17:23:37 IST" name="acConfig" finished-at="2024-06-10T17:23:38 IST" duration-ms="1320" status="PASS">
          <reporter-output>
          </reporter-output>
        </test-method> <!-- acConfig -->
      </class> <!-- Sprint_6_Negative.e_TransactionsAllActions -->
      <class name="Sprint_6_Negative.b_UsersAllActions">
        <test-method is-config="true" signature="bcConfig()[pri:0, instance:Sprint_6_Negative.b_UsersAllActions@6150c3ec]" started-at="2024-06-10T17:23:38 IST" name="bcConfig" finished-at="2024-06-10T17:23:41 IST" duration-ms="3102" status="PASS">
          <reporter-output>
          </reporter-output>
        </test-method> <!-- bcConfig -->
        <test-method is-config="true" signature="bmConfig()[pri:0, instance:Sprint_6_Negative.b_UsersAllActions@6150c3ec]" started-at="2024-06-10T17:23:41 IST" name="bmConfig" finished-at="2024-06-10T17:23:58 IST" duration-ms="17309" status="PASS">
          <reporter-output>
          </reporter-output>
        </test-method> <!-- bmConfig -->
        <test-method signature="userAllActionsTest()[pri:0, instance:Sprint_6_Negative.b_UsersAllActions@6150c3ec]" started-at="2024-06-10T17:23:58 IST" name="userAllActionsTest" finished-at="2024-06-10T17:25:19 IST" duration-ms="81070" status="FAIL">
          <exception class="org.openqa.selenium.NoAlertPresentException">
            <message>
              <![CDATA[no such alert
  (Session info: chrome=125.0.6422.142)
Build info: version: '4.14.1', revision: '03f8ede370'
System info: os.name: 'Windows 11', os.arch: 'amd64', os.version: '10.0', java.version: '18.0.1.1'
Driver info: org.openqa.selenium.chrome.ChromeDriver
Command: [41b42124fe829f110d8adcfc7ab5b48d, getAlertText {}]
Capabilities {acceptInsecureCerts: false, browserName: chrome, browserVersion: 125.0.6422.142, chrome: {chromedriverVersion: 125.0.6422.141 (4b1e8393712..., userDataDir: C:\WINDOWS\TEMP\scoped_dir3...}, fedcm:accounts: true, goog:chromeOptions: {debuggerAddress: localhost:61996}, networkConnectionEnabled: false, pageLoadStrategy: normal, platformName: windows, proxy: Proxy(), se:cdp: ws://localhost:61996/devtoo..., se:cdpVersion: 125.0.6422.142, setWindowRect: true, strictFileInteractability: false, timeouts: {implicit: 0, pageLoad: 300000, script: 30000}, unhandledPromptBehavior: dismiss and notify, webauthn:extension:credBlob: true, webauthn:extension:largeBlob: true, webauthn:extension:minPinLength: true, webauthn:extension:prf: true, webauthn:virtualAuthenticators: true}
Session ID: 41b42124fe829f110d8adcfc7ab5b48d]]>
            </message>
            <full-stacktrace>
              <![CDATA[org.openqa.selenium.NoAlertPresentException: no such alert
  (Session info: chrome=125.0.6422.142)
Build info: version: '4.14.1', revision: '03f8ede370'
System info: os.name: 'Windows 11', os.arch: 'amd64', os.version: '10.0', java.version: '18.0.1.1'
Driver info: org.openqa.selenium.chrome.ChromeDriver
Command: [41b42124fe829f110d8adcfc7ab5b48d, getAlertText {}]
Capabilities {acceptInsecureCerts: false, browserName: chrome, browserVersion: 125.0.6422.142, chrome: {chromedriverVersion: 125.0.6422.141 (4b1e8393712..., userDataDir: C:\WINDOWS\TEMP\scoped_dir3...}, fedcm:accounts: true, goog:chromeOptions: {debuggerAddress: localhost:61996}, networkConnectionEnabled: false, pageLoadStrategy: normal, platformName: windows, proxy: Proxy(), se:cdp: ws://localhost:61996/devtoo..., se:cdpVersion: 125.0.6422.142, setWindowRect: true, strictFileInteractability: false, timeouts: {implicit: 0, pageLoad: 300000, script: 30000}, unhandledPromptBehavior: dismiss and notify, webauthn:extension:credBlob: true, webauthn:extension:largeBlob: true, webauthn:extension:minPinLength: true, webauthn:extension:prf: true, webauthn:virtualAuthenticators: true}
Session ID: 41b42124fe829f110d8adcfc7ab5b48d
at java.base/jdk.internal.reflect.DirectConstructorHandleAccessor.newInstance(DirectConstructorHandleAccessor.java:67)
at java.base/java.lang.reflect.Constructor.newInstanceWithCaller(Constructor.java:499)
at java.base/java.lang.reflect.Constructor.newInstance(Constructor.java:483)
at org.openqa.selenium.remote.codec.w3c.W3CHttpResponseCodec.createException(W3CHttpResponseCodec.java:200)
at org.openqa.selenium.remote.codec.w3c.W3CHttpResponseCodec.decode(W3CHttpResponseCodec.java:133)
at org.openqa.selenium.remote.codec.w3c.W3CHttpResponseCodec.decode(W3CHttpResponseCodec.java:52)
at org.openqa.selenium.remote.HttpCommandExecutor.execute(HttpCommandExecutor.java:191)
at org.openqa.selenium.remote.service.DriverCommandExecutor.invokeExecute(DriverCommandExecutor.java:200)
at org.openqa.selenium.remote.service.DriverCommandExecutor.execute(DriverCommandExecutor.java:175)
at org.openqa.selenium.remote.RemoteWebDriver.execute(RemoteWebDriver.java:602)
at org.openqa.selenium.remote.RemoteWebDriver.execute(RemoteWebDriver.java:675)
at org.openqa.selenium.remote.RemoteWebDriver.execute(RemoteWebDriver.java:679)
at org.openqa.selenium.remote.RemoteWebDriver$RemoteTargetLocator.alert(RemoteWebDriver.java:1202)
at objectRepository.Users_UserList_AllUsers_ParticularUserInfo_AddGoldPage.addingGold(Users_UserList_AllUsers_ParticularUserInfo_AddGoldPage.java:125)
at Sprint_6_Negative.b_UsersAllActions.userAllActionsTest(b_UsersAllActions.java:65)
at java.base/jdk.internal.reflect.DirectMethodHandleAccessor.invoke(DirectMethodHandleAccessor.java:104)
at java.base/java.lang.reflect.Method.invoke(Method.java:577)
at org.testng.internal.invokers.MethodInvocationHelper.invokeMethod(MethodInvocationHelper.java:139)
at org.testng.internal.invokers.TestInvoker.invokeMethod(TestInvoker.java:677)
at org.testng.internal.invokers.TestInvoker.invokeTestMethod(TestInvoker.java:221)
at org.testng.internal.invokers.MethodRunner.runInSequence(MethodRunner.java:50)
at org.testng.internal.invokers.TestInvoker$MethodInvocationAgent.invoke(TestInvoker.java:962)
at org.testng.internal.invokers.TestInvoker.invokeTestMethods(TestInvoker.java:194)
at org.testng.internal.invokers.TestMethodWorker.invokeTestMethods(TestMethodWorker.java:148)
at org.testng.internal.invokers.TestMethodWorker.run(TestMethodWorker.java:128)
at java.base/java.util.ArrayList.forEach(ArrayList.java:1511)
at org.testng.TestRunner.privateRun(TestRunner.java:806)
at org.testng.TestRunner.run(TestRunner.java:601)
at org.testng.SuiteRunner.runTest(SuiteRunner.java:433)
at org.testng.SuiteRunner$SuiteWorker.run(SuiteRunner.java:471)
at org.testng.internal.thread.ThreadUtil.lambda$execute$0(ThreadUtil.java:58)
at java.base/java.util.concurrent.FutureTask.run(FutureTask.java:264)
at java.base/java.util.concurrent.ThreadPoolExecutor.runWorker(ThreadPoolExecutor.java:1136)
at java.base/java.util.concurrent.ThreadPoolExecutor$Worker.run(ThreadPoolExecutor.java:635)
at java.base/java.lang.Thread.run(Thread.java:833)
]]>
            </full-stacktrace>
          </exception> <!-- org.openqa.selenium.NoAlertPresentException -->
          <reporter-output>
          </reporter-output>
        </test-method> <!-- userAllActionsTest -->
        <test-method is-config="true" signature="amConfig()[pri:0, instance:Sprint_6_Negative.b_UsersAllActions@6150c3ec]" started-at="2024-06-10T17:25:20 IST" name="amConfig" finished-at="2024-06-10T17:25:30 IST" duration-ms="10264" status="FAIL">
          <exception class="org.openqa.selenium.ElementClickInterceptedException">
            <message>
              <![CDATA[element click intercepted: Element <button type="button" class="swal2-confirm swal2-styled swal2-default-outline" aria-label="" style="display: inline-block; background-color: rgb(99, 9, 20);">...</button> is not clickable at point (715, 457). Other element would receive the click: <div _ngcontent-ibc-c1="" class="global-loader ng-star-inserted">...</div>
  (Session info: chrome=125.0.6422.142)
Build info: version: '4.14.1', revision: '03f8ede370'
System info: os.name: 'Windows 11', os.arch: 'amd64', os.version: '10.0', java.version: '18.0.1.1'
Driver info: org.openqa.selenium.chrome.ChromeDriver
Command: [41b42124fe829f110d8adcfc7ab5b48d, clickElement {id=f.C5B683114EC3CE939ED3571AF3DE2A38.d.367141B4CD0CEC79759287FC234A3923.e.280}]
Capabilities {acceptInsecureCerts: false, browserName: chrome, browserVersion: 125.0.6422.142, chrome: {chromedriverVersion: 125.0.6422.141 (4b1e8393712..., userDataDir: C:\WINDOWS\TEMP\scoped_dir3...}, fedcm:accounts: true, goog:chromeOptions: {debuggerAddress: localhost:61996}, networkConnectionEnabled: false, pageLoadStrategy: normal, platformName: windows, proxy: Proxy(), se:cdp: ws://localhost:61996/devtoo..., se:cdpVersion: 125.0.6422.142, setWindowRect: true, strictFileInteractability: false, timeouts: {implicit: 0, pageLoad: 300000, script: 30000}, unhandledPromptBehavior: dismiss and notify, webauthn:extension:credBlob: true, webauthn:extension:largeBlob: true, webauthn:extension:minPinLength: true, webauthn:extension:prf: true, webauthn:virtualAuthenticators: true}
Element: [[ChromeDriver: chrome on windows (41b42124fe829f110d8adcfc7ab5b48d)] -> xpath: //button[.='Yes, Logout!']]
Session ID: 41b42124fe829f110d8adcfc7ab5b48d]]>
            </message>
            <full-stacktrace>
              <![CDATA[org.openqa.selenium.ElementClickInterceptedException: element click intercepted: Element <button type="button" class="swal2-confirm swal2-styled swal2-default-outline" aria-label="" style="display: inline-block; background-color: rgb(99, 9, 20);">...</button> is not clickable at point (715, 457). Other element would receive the click: <div _ngcontent-ibc-c1="" class="global-loader ng-star-inserted">...</div>
  (Session info: chrome=125.0.6422.142)
Build info: version: '4.14.1', revision: '03f8ede370'
System info: os.name: 'Windows 11', os.arch: 'amd64', os.version: '10.0', java.version: '18.0.1.1'
Driver info: org.openqa.selenium.chrome.ChromeDriver
Command: [41b42124fe829f110d8adcfc7ab5b48d, clickElement {id=f.C5B683114EC3CE939ED3571AF3DE2A38.d.367141B4CD0CEC79759287FC234A3923.e.280}]
Capabilities {acceptInsecureCerts: false, browserName: chrome, browserVersion: 125.0.6422.142, chrome: {chromedriverVersion: 125.0.6422.141 (4b1e8393712..., userDataDir: C:\WINDOWS\TEMP\scoped_dir3...}, fedcm:accounts: true, goog:chromeOptions: {debuggerAddress: localhost:61996}, networkConnectionEnabled: false, pageLoadStrategy: normal, platformName: windows, proxy: Proxy(), se:cdp: ws://localhost:61996/devtoo..., se:cdpVersion: 125.0.6422.142, setWindowRect: true, strictFileInteractability: false, timeouts: {implicit: 0, pageLoad: 300000, script: 30000}, unhandledPromptBehavior: dismiss and notify, webauthn:extension:credBlob: true, webauthn:extension:largeBlob: true, webauthn:extension:minPinLength: true, webauthn:extension:prf: true, webauthn:virtualAuthenticators: true}
Element: [[ChromeDriver: chrome on windows (41b42124fe829f110d8adcfc7ab5b48d)] -> xpath: //button[.='Yes, Logout!']]
Session ID: 41b42124fe829f110d8adcfc7ab5b48d
at java.base/jdk.internal.reflect.DirectConstructorHandleAccessor.newInstance(DirectConstructorHandleAccessor.java:67)
at java.base/java.lang.reflect.Constructor.newInstanceWithCaller(Constructor.java:499)
at java.base/java.lang.reflect.Constructor.newInstance(Constructor.java:483)
at org.openqa.selenium.remote.codec.w3c.W3CHttpResponseCodec.createException(W3CHttpResponseCodec.java:200)
at org.openqa.selenium.remote.codec.w3c.W3CHttpResponseCodec.decode(W3CHttpResponseCodec.java:133)
at org.openqa.selenium.remote.codec.w3c.W3CHttpResponseCodec.decode(W3CHttpResponseCodec.java:52)
at org.openqa.selenium.remote.HttpCommandExecutor.execute(HttpCommandExecutor.java:191)
at org.openqa.selenium.remote.service.DriverCommandExecutor.invokeExecute(DriverCommandExecutor.java:200)
at org.openqa.selenium.remote.service.DriverCommandExecutor.execute(DriverCommandExecutor.java:175)
at org.openqa.selenium.remote.RemoteWebDriver.execute(RemoteWebDriver.java:602)
at org.openqa.selenium.remote.RemoteWebElement.execute(RemoteWebElement.java:224)
at org.openqa.selenium.remote.RemoteWebElement.click(RemoteWebElement.java:77)
at java.base/jdk.internal.reflect.DirectMethodHandleAccessor.invoke(DirectMethodHandleAccessor.java:104)
at java.base/java.lang.reflect.Method.invoke(Method.java:577)
at org.openqa.selenium.support.pagefactory.internal.LocatingElementHandler.invoke(LocatingElementHandler.java:51)
at jdk.proxy2/jdk.proxy2.$Proxy20.click(Unknown Source)
at objectRepository.MyProfilePage.logoutOfApplication(MyProfilePage.java:48)
at genericUtility.FMS_BaseClass.amConfig(FMS_BaseClass.java:114)
at java.base/jdk.internal.reflect.DirectMethodHandleAccessor.invoke(DirectMethodHandleAccessor.java:104)
at java.base/java.lang.reflect.Method.invoke(Method.java:577)
at org.testng.internal.invokers.MethodInvocationHelper.invokeMethod(MethodInvocationHelper.java:139)
at org.testng.internal.invokers.MethodInvocationHelper.invokeMethodConsideringTimeout(MethodInvocationHelper.java:69)
at org.testng.internal.invokers.ConfigInvoker.invokeConfigurationMethod(ConfigInvoker.java:361)
at org.testng.internal.invokers.ConfigInvoker.invokeConfigurations(ConfigInvoker.java:296)
at org.testng.internal.invokers.TestInvoker.runConfigMethods(TestInvoker.java:816)
at org.testng.internal.invokers.TestInvoker.runAfterConfigurations(TestInvoker.java:785)
at org.testng.internal.invokers.TestInvoker.invokeMethod(TestInvoker.java:761)
at org.testng.internal.invokers.TestInvoker.invokeTestMethod(TestInvoker.java:221)
at org.testng.internal.invokers.MethodRunner.runInSequence(MethodRunner.java:50)
at org.testng.internal.invokers.TestInvoker$MethodInvocationAgent.invoke(TestInvoker.java:962)
at org.testng.internal.invokers.TestInvoker.invokeTestMethods(TestInvoker.java:194)
at org.testng.internal.invokers.TestMethodWorker.invokeTestMethods(TestMethodWorker.java:148)
at org.testng.internal.invokers.TestMethodWorker.run(TestMethodWorker.java:128)
at java.base/java.util.ArrayList.forEach(ArrayList.java:1511)
at org.testng.TestRunner.privateRun(TestRunner.java:806)
at org.testng.TestRunner.run(TestRunner.java:601)
at org.testng.SuiteRunner.runTest(SuiteRunner.java:433)
at org.testng.SuiteRunner$SuiteWorker.run(SuiteRunner.java:471)
at org.testng.internal.thread.ThreadUtil.lambda$execute$0(ThreadUtil.java:58)
at java.base/java.util.concurrent.FutureTask.run(FutureTask.java:264)
at java.base/java.util.concurrent.ThreadPoolExecutor.runWorker(ThreadPoolExecutor.java:1136)
at java.base/java.util.concurrent.ThreadPoolExecutor$Worker.run(ThreadPoolExecutor.java:635)
at java.base/java.lang.Thread.run(Thread.java:833)
]]>
            </full-stacktrace>
          </exception> <!-- org.openqa.selenium.ElementClickInterceptedException -->
          <reporter-output>
          </reporter-output>
        </test-method> <!-- amConfig -->
        <test-method is-config="true" signature="bmConfig()[pri:0, instance:Sprint_6_Negative.b_UsersAllActions@6150c3ec]" started-at="2024-06-10T17:25:30 IST" name="bmConfig" finished-at="2024-06-10T17:25:30 IST" duration-ms="0" status="SKIP">
          <reporter-output>
          </reporter-output>
        </test-method> <!-- bmConfig -->
        <test-method signature="userKyc()[pri:0, instance:Sprint_6_Negative.b_UsersAllActions@6150c3ec]" started-at="2024-06-10T17:25:30 IST" name="userKyc" finished-at="2024-06-10T17:25:30 IST" duration-ms="0" status="SKIP">
          <exception class="org.openqa.selenium.ElementClickInterceptedException">
            <message>
              <![CDATA[element click intercepted: Element <button type="button" class="swal2-confirm swal2-styled swal2-default-outline" aria-label="" style="display: inline-block; background-color: rgb(99, 9, 20);">...</button> is not clickable at point (715, 457). Other element would receive the click: <div _ngcontent-ibc-c1="" class="global-loader ng-star-inserted">...</div>
  (Session info: chrome=125.0.6422.142)
Build info: version: '4.14.1', revision: '03f8ede370'
System info: os.name: 'Windows 11', os.arch: 'amd64', os.version: '10.0', java.version: '18.0.1.1'
Driver info: org.openqa.selenium.chrome.ChromeDriver
Command: [41b42124fe829f110d8adcfc7ab5b48d, clickElement {id=f.C5B683114EC3CE939ED3571AF3DE2A38.d.367141B4CD0CEC79759287FC234A3923.e.280}]
Capabilities {acceptInsecureCerts: false, browserName: chrome, browserVersion: 125.0.6422.142, chrome: {chromedriverVersion: 125.0.6422.141 (4b1e8393712..., userDataDir: C:\WINDOWS\TEMP\scoped_dir3...}, fedcm:accounts: true, goog:chromeOptions: {debuggerAddress: localhost:61996}, networkConnectionEnabled: false, pageLoadStrategy: normal, platformName: windows, proxy: Proxy(), se:cdp: ws://localhost:61996/devtoo..., se:cdpVersion: 125.0.6422.142, setWindowRect: true, strictFileInteractability: false, timeouts: {implicit: 0, pageLoad: 300000, script: 30000}, unhandledPromptBehavior: dismiss and notify, webauthn:extension:credBlob: true, webauthn:extension:largeBlob: true, webauthn:extension:minPinLength: true, webauthn:extension:prf: true, webauthn:virtualAuthenticators: true}
Element: [[ChromeDriver: chrome on windows (41b42124fe829f110d8adcfc7ab5b48d)] -> xpath: //button[.='Yes, Logout!']]
Session ID: 41b42124fe829f110d8adcfc7ab5b48d]]>
            </message>
            <full-stacktrace>
              <![CDATA[org.openqa.selenium.ElementClickInterceptedException: element click intercepted: Element <button type="button" class="swal2-confirm swal2-styled swal2-default-outline" aria-label="" style="display: inline-block; background-color: rgb(99, 9, 20);">...</button> is not clickable at point (715, 457). Other element would receive the click: <div _ngcontent-ibc-c1="" class="global-loader ng-star-inserted">...</div>
  (Session info: chrome=125.0.6422.142)
Build info: version: '4.14.1', revision: '03f8ede370'
System info: os.name: 'Windows 11', os.arch: 'amd64', os.version: '10.0', java.version: '18.0.1.1'
Driver info: org.openqa.selenium.chrome.ChromeDriver
Command: [41b42124fe829f110d8adcfc7ab5b48d, clickElement {id=f.C5B683114EC3CE939ED3571AF3DE2A38.d.367141B4CD0CEC79759287FC234A3923.e.280}]
Capabilities {acceptInsecureCerts: false, browserName: chrome, browserVersion: 125.0.6422.142, chrome: {chromedriverVersion: 125.0.6422.141 (4b1e8393712..., userDataDir: C:\WINDOWS\TEMP\scoped_dir3...}, fedcm:accounts: true, goog:chromeOptions: {debuggerAddress: localhost:61996}, networkConnectionEnabled: false, pageLoadStrategy: normal, platformName: windows, proxy: Proxy(), se:cdp: ws://localhost:61996/devtoo..., se:cdpVersion: 125.0.6422.142, setWindowRect: true, strictFileInteractability: false, timeouts: {implicit: 0, pageLoad: 300000, script: 30000}, unhandledPromptBehavior: dismiss and notify, webauthn:extension:credBlob: true, webauthn:extension:largeBlob: true, webauthn:extension:minPinLength: true, webauthn:extension:prf: true, webauthn:virtualAuthenticators: true}
Element: [[ChromeDriver: chrome on windows (41b42124fe829f110d8adcfc7ab5b48d)] -> xpath: //button[.='Yes, Logout!']]
Session ID: 41b42124fe829f110d8adcfc7ab5b48d
at java.base/jdk.internal.reflect.DirectConstructorHandleAccessor.newInstance(DirectConstructorHandleAccessor.java:67)
at java.base/java.lang.reflect.Constructor.newInstanceWithCaller(Constructor.java:499)
at java.base/java.lang.reflect.Constructor.newInstance(Constructor.java:483)
at org.openqa.selenium.remote.codec.w3c.W3CHttpResponseCodec.createException(W3CHttpResponseCodec.java:200)
at org.openqa.selenium.remote.codec.w3c.W3CHttpResponseCodec.decode(W3CHttpResponseCodec.java:133)
at org.openqa.selenium.remote.codec.w3c.W3CHttpResponseCodec.decode(W3CHttpResponseCodec.java:52)
at org.openqa.selenium.remote.HttpCommandExecutor.execute(HttpCommandExecutor.java:191)
at org.openqa.selenium.remote.service.DriverCommandExecutor.invokeExecute(DriverCommandExecutor.java:200)
at org.openqa.selenium.remote.service.DriverCommandExecutor.execute(DriverCommandExecutor.java:175)
at org.openqa.selenium.remote.RemoteWebDriver.execute(RemoteWebDriver.java:602)
at org.openqa.selenium.remote.RemoteWebElement.execute(RemoteWebElement.java:224)
at org.openqa.selenium.remote.RemoteWebElement.click(RemoteWebElement.java:77)
at java.base/jdk.internal.reflect.DirectMethodHandleAccessor.invoke(DirectMethodHandleAccessor.java:104)
at java.base/java.lang.reflect.Method.invoke(Method.java:577)
at org.openqa.selenium.support.pagefactory.internal.LocatingElementHandler.invoke(LocatingElementHandler.java:51)
at jdk.proxy2/jdk.proxy2.$Proxy20.click(Unknown Source)
at objectRepository.MyProfilePage.logoutOfApplication(MyProfilePage.java:48)
at genericUtility.FMS_BaseClass.amConfig(FMS_BaseClass.java:114)
at java.base/jdk.internal.reflect.DirectMethodHandleAccessor.invoke(DirectMethodHandleAccessor.java:104)
at java.base/java.lang.reflect.Method.invoke(Method.java:577)
at org.testng.internal.invokers.MethodInvocationHelper.invokeMethod(MethodInvocationHelper.java:139)
at org.testng.internal.invokers.MethodInvocationHelper.invokeMethodConsideringTimeout(MethodInvocationHelper.java:69)
at org.testng.internal.invokers.ConfigInvoker.invokeConfigurationMethod(ConfigInvoker.java:361)
at org.testng.internal.invokers.ConfigInvoker.invokeConfigurations(ConfigInvoker.java:296)
at org.testng.internal.invokers.TestInvoker.runConfigMethods(TestInvoker.java:816)
at org.testng.internal.invokers.TestInvoker.runAfterConfigurations(TestInvoker.java:785)
at org.testng.internal.invokers.TestInvoker.invokeMethod(TestInvoker.java:761)
at org.testng.internal.invokers.TestInvoker.invokeTestMethod(TestInvoker.java:221)
at org.testng.internal.invokers.MethodRunner.runInSequence(MethodRunner.java:50)
at org.testng.internal.invokers.TestInvoker$MethodInvocationAgent.invoke(TestInvoker.java:962)
at org.testng.internal.invokers.TestInvoker.invokeTestMethods(TestInvoker.java:194)
at org.testng.internal.invokers.TestMethodWorker.invokeTestMethods(TestMethodWorker.java:148)
at org.testng.internal.invokers.TestMethodWorker.run(TestMethodWorker.java:128)
at java.base/java.util.ArrayList.forEach(ArrayList.java:1511)
at org.testng.TestRunner.privateRun(TestRunner.java:806)
at org.testng.TestRunner.run(TestRunner.java:601)
at org.testng.SuiteRunner.runTest(SuiteRunner.java:433)
at org.testng.SuiteRunner$SuiteWorker.run(SuiteRunner.java:471)
at org.testng.internal.thread.ThreadUtil.lambda$execute$0(ThreadUtil.java:58)
at java.base/java.util.concurrent.FutureTask.run(FutureTask.java:264)
at java.base/java.util.concurrent.ThreadPoolExecutor.runWorker(ThreadPoolExecutor.java:1136)
at java.base/java.util.concurrent.ThreadPoolExecutor$Worker.run(ThreadPoolExecutor.java:635)
at java.base/java.lang.Thread.run(Thread.java:833)
]]>
            </full-stacktrace>
          </exception> <!-- org.openqa.selenium.ElementClickInterceptedException -->
          <reporter-output>
          </reporter-output>
        </test-method> <!-- userKyc -->
        <test-method is-config="true" signature="amConfig()[pri:0, instance:Sprint_6_Negative.b_UsersAllActions@6150c3ec]" started-at="2024-06-10T17:25:30 IST" name="amConfig" finished-at="2024-06-10T17:25:30 IST" duration-ms="0" status="SKIP">
          <reporter-output>
          </reporter-output>
        </test-method> <!-- amConfig -->
        <test-method is-config="true" signature="acConfig()[pri:0, instance:Sprint_6_Negative.b_UsersAllActions@6150c3ec]" started-at="2024-06-10T17:25:30 IST" name="acConfig" finished-at="2024-06-10T17:25:30 IST" duration-ms="0" status="SKIP">
          <reporter-output>
          </reporter-output>
        </test-method> <!-- acConfig -->
      </class> <!-- Sprint_6_Negative.b_UsersAllActions -->
      <class name="Sprint_6_Negative.a_DashboardAllActions">
        <test-method is-config="true" signature="bsConfig()[pri:0, instance:Sprint_6_Negative.a_DashboardAllActions@6025e1b6]" started-at="2024-06-10T17:14:33 IST" name="bsConfig" finished-at="2024-06-10T17:14:33 IST" duration-ms="11" status="PASS">
          <reporter-output>
          </reporter-output>
        </test-method> <!-- bsConfig -->
        <test-method is-config="true" signature="bcConfig()[pri:0, instance:Sprint_6_Negative.a_DashboardAllActions@6025e1b6]" started-at="2024-06-10T17:14:33 IST" name="bcConfig" finished-at="2024-06-10T17:14:38 IST" duration-ms="5159" status="PASS">
          <reporter-output>
          </reporter-output>
        </test-method> <!-- bcConfig -->
        <test-method is-config="true" signature="bmConfig()[pri:0, instance:Sprint_6_Negative.a_DashboardAllActions@6025e1b6]" started-at="2024-06-10T17:14:38 IST" name="bmConfig" finished-at="2024-06-10T17:14:56 IST" duration-ms="17408" status="PASS">
          <reporter-output>
          </reporter-output>
        </test-method> <!-- bmConfig -->
        <test-method signature="dashboardTransactionReportsTest()[pri:0, instance:Sprint_6_Negative.a_DashboardAllActions@6025e1b6]" started-at="2024-06-10T17:14:56 IST" name="dashboardTransactionReportsTest" finished-at="2024-06-10T17:15:20 IST" duration-ms="24068" status="PASS">
          <reporter-output>
          </reporter-output>
        </test-method> <!-- dashboardTransactionReportsTest -->
        <test-method is-config="true" signature="amConfig()[pri:0, instance:Sprint_6_Negative.a_DashboardAllActions@6025e1b6]" started-at="2024-06-10T17:15:20 IST" name="amConfig" finished-at="2024-06-10T17:15:31 IST" duration-ms="11672" status="PASS">
          <reporter-output>
          </reporter-output>
        </test-method> <!-- amConfig -->
        <test-method is-config="true" signature="acConfig()[pri:0, instance:Sprint_6_Negative.a_DashboardAllActions@6025e1b6]" started-at="2024-06-10T17:15:31 IST" name="acConfig" finished-at="2024-06-10T17:15:33 IST" duration-ms="1262" status="PASS">
          <reporter-output>
          </reporter-output>
        </test-method> <!-- acConfig -->
        <test-method is-config="true" signature="asConfig()[pri:0, instance:Sprint_6_Negative.a_DashboardAllActions@6025e1b6]" started-at="2024-06-10T17:25:30 IST" name="asConfig" finished-at="2024-06-10T17:25:30 IST" duration-ms="0" status="PASS">
          <reporter-output>
          </reporter-output>
        </test-method> <!-- asConfig -->
      </class> <!-- Sprint_6_Negative.a_DashboardAllActions -->
    </test> <!-- Test -->
  </suite> <!-- Suite -->
</testng-results>
